[2023-03-20 18:04:38,466: INFO: stage_01_prepare_data]: 
********************
[2023-03-20 18:04:38,466: INFO: stage_01_prepare_data]: >>>>> stage Prepare_data started <<<<<
[2023-03-20 18:04:38,473: INFO: common]: yaml file: configs/config.yaml loaded successfully
[2023-03-20 18:04:38,475: INFO: common]: yaml file: params.yaml loaded successfully
[2023-03-20 18:04:38,476: INFO: common]: created directory at: artifacts\prepared
[2023-03-20 18:04:40,233: INFO: stage_01_prepare_data]: >>>>> stage Prepare_data completed!<<<<<

[2023-03-21 17:14:19,198: INFO: stage_01_prepare_data]: 
********************
[2023-03-21 17:14:19,199: INFO: stage_01_prepare_data]: >>>>> stage Prepare_data started <<<<<
[2023-03-21 17:14:19,203: INFO: common]: yaml file: configs/config.yaml loaded successfully
[2023-03-21 17:14:19,205: INFO: common]: yaml file: params.yaml loaded successfully
[2023-03-21 17:14:19,205: INFO: common]: created directory at: artifacts\prepared
[2023-03-21 17:14:21,386: INFO: stage_01_prepare_data]: >>>>> stage Prepare_data completed!<<<<<

[2023-03-21 17:20:51,653: INFO: stage_02_featurization]: 
********************
[2023-03-21 17:20:51,653: INFO: stage_02_featurization]: >>>>> stage Featurization started <<<<<
[2023-03-21 17:20:51,655: INFO: common]: yaml file: configs/config.yaml loaded successfully
[2023-03-21 17:20:51,657: INFO: common]: yaml file: params.yaml loaded successfully
[2023-03-21 17:20:51,657: INFO: common]: created directory at: artifacts\features
[2023-03-21 17:20:51,944: INFO: common]: The input dataframeartifacts\prepared\train.tsvsize id (17536, 3) is read.
[2023-03-21 17:21:02,719: ERROR: stage_02_featurization]: 'DataFrame' object has no attribute 'id'
Traceback (most recent call last):
  File "src/stage_02_featurization.py", line 81, in <module>
    main(config_path=parsed_args.config, params_path=parsed_args.params)
  File "src/stage_02_featurization.py", line 59, in main
    save_matrix(df=df_train, matrix= train_words_tfidf_matrix, out_path= featurize_train_data_path)
  File "c:\users\deepak.thakur\work\dvc-nlp-project-with-docs\src\utils\data_mgmt.py", line 34, in save_matrix
    id_matrix = df.id
  File "c:\Users\deepak.thakur\Work\DVC-NLP-Project-with-docs\env\lib\site-packages\pandas\core\generic.py", line 5902, in __getattr__
    return object.__getattribute__(self, name)
AttributeError: 'DataFrame' object has no attribute 'id'
[2023-03-21 17:21:15,988: INFO: stage_02_featurization]: 
********************
[2023-03-21 17:21:15,988: INFO: stage_02_featurization]: >>>>> stage Featurization started <<<<<
[2023-03-21 17:21:15,992: INFO: common]: yaml file: configs/config.yaml loaded successfully
[2023-03-21 17:21:15,995: INFO: common]: yaml file: params.yaml loaded successfully
[2023-03-21 17:21:15,996: INFO: common]: created directory at: artifacts\features
[2023-03-21 17:21:16,172: INFO: common]: The input dataframeartifacts\prepared\train.tsvsize id (17536, 3) is read.
[2023-03-21 17:21:26,720: INFO: common]: The input dataframeartifacts\prepared\test.tsvsize id (7464, 3) is read.
[2023-03-21 17:21:30,788: INFO: stage_02_featurization]: >>>>> stage Featurization completed!<<<<<

[2023-03-21 19:14:35,513: INFO: stage_02_featurization]: 
********************
[2023-03-21 19:14:35,513: INFO: stage_02_featurization]: >>>>> stage Featurization started <<<<<
[2023-03-21 19:14:35,518: INFO: common]: yaml file: configs/config.yaml loaded successfully
[2023-03-21 19:14:35,520: INFO: common]: yaml file: params.yaml loaded successfully
[2023-03-21 19:14:35,521: INFO: common]: created directory at: artifacts\features
[2023-03-21 19:14:35,673: INFO: common]: The input dataframeartifacts\prepared\train.tsvsize id (17536, 3) is read.
[2023-03-21 19:14:47,331: ERROR: stage_02_featurization]: name 'sparse' is not defined
Traceback (most recent call last):
  File "src/stage_02_featurization.py", line 81, in <module>
    main(config_path=parsed_args.config, params_path=parsed_args.params)
  File "src/stage_02_featurization.py", line 59, in main
    save_matrix(df=df_train, text_matrix= train_words_tfidf_matrix, out_path= featurize_train_data_path)
  File "c:\users\deepak.thakur\work\dvc-nlp-project-with-docs\src\utils\data_mgmt.py", line 36, in save_matrix
    pid_matrix = sparse.csr_matrix(df.pid.astype(np.int64)).T
NameError: name 'sparse' is not defined
[2023-03-21 19:16:49,987: INFO: stage_02_featurization]: 
********************
[2023-03-21 19:16:49,987: INFO: stage_02_featurization]: >>>>> stage Featurization started <<<<<
[2023-03-21 19:16:49,990: INFO: common]: yaml file: configs/config.yaml loaded successfully
[2023-03-21 19:16:49,992: INFO: common]: yaml file: params.yaml loaded successfully
[2023-03-21 19:16:49,992: INFO: common]: created directory at: artifacts\features
[2023-03-21 19:16:50,155: INFO: common]: The input dataframeartifacts\prepared\train.tsvsize id (17536, 3) is read.
[2023-03-21 19:17:01,738: ERROR: stage_02_featurization]: module 'scipy.sparse' has no attribute 'hstak'
Traceback (most recent call last):
  File "src/stage_02_featurization.py", line 81, in <module>
    main(config_path=parsed_args.config, params_path=parsed_args.params)
  File "src/stage_02_featurization.py", line 59, in main
    save_matrix(df=df_train, text_matrix= train_words_tfidf_matrix, out_path= featurize_train_data_path)
  File "c:\users\deepak.thakur\work\dvc-nlp-project-with-docs\src\utils\data_mgmt.py", line 39, in save_matrix
    result = sparse.hstak([pid_matrix, label_matrix, text_matrix])
AttributeError: module 'scipy.sparse' has no attribute 'hstak'
[2023-03-21 19:17:19,400: INFO: stage_02_featurization]: 
********************
[2023-03-21 19:17:19,400: INFO: stage_02_featurization]: >>>>> stage Featurization started <<<<<
[2023-03-21 19:17:19,403: INFO: common]: yaml file: configs/config.yaml loaded successfully
[2023-03-21 19:17:19,406: INFO: common]: yaml file: params.yaml loaded successfully
[2023-03-21 19:17:19,407: INFO: common]: created directory at: artifacts\features
[2023-03-21 19:17:19,568: INFO: common]: The input dataframeartifacts\prepared\train.tsvsize id (17536, 3) is read.
[2023-03-21 19:17:31,147: INFO: data_mgmt]: The output matrix saved at artifacts\features\train.pkl of shape: (17536, 2502)
[2023-03-21 19:17:31,237: INFO: common]: The input dataframeartifacts\prepared\test.tsvsize id (7464, 3) is read.
[2023-03-21 19:17:34,952: ERROR: stage_02_featurization]: blocks[0,:] has incompatible row dimensions. Got blocks[0,2].shape[0] == 17536, expected 7464.
Traceback (most recent call last):
  File "src/stage_02_featurization.py", line 81, in <module>
    main(config_path=parsed_args.config, params_path=parsed_args.params)
  File "src/stage_02_featurization.py", line 67, in main
    save_matrix(df=df_test, text_matrix= test_words_tfidf_matrix, out_path= featurize_test_data_path)
  File "c:\users\deepak.thakur\work\dvc-nlp-project-with-docs\src\utils\data_mgmt.py", line 39, in save_matrix
    result = sparse.hstack([pid_matrix, label_matrix, text_matrix])
  File "c:\Users\deepak.thakur\Work\DVC-NLP-Project-with-docs\env\lib\site-packages\scipy\sparse\_construct.py", line 535, in hstack
    return bmat([blocks], format=format, dtype=dtype)
  File "c:\Users\deepak.thakur\Work\DVC-NLP-Project-with-docs\env\lib\site-packages\scipy\sparse\_construct.py", line 668, in bmat
    raise ValueError(msg)
ValueError: blocks[0,:] has incompatible row dimensions. Got blocks[0,2].shape[0] == 17536, expected 7464.
[2023-03-21 19:20:09,040: INFO: stage_02_featurization]: 
********************
[2023-03-21 19:20:09,041: INFO: stage_02_featurization]: >>>>> stage Featurization started <<<<<
[2023-03-21 19:20:09,046: INFO: common]: yaml file: configs/config.yaml loaded successfully
[2023-03-21 19:20:09,049: INFO: common]: yaml file: params.yaml loaded successfully
[2023-03-21 19:20:09,049: INFO: common]: created directory at: artifacts\features
[2023-03-21 19:20:09,223: INFO: common]: The input dataframeartifacts\prepared\train.tsvsize id (17536, 3) is read.
[2023-03-21 19:20:21,028: INFO: data_mgmt]: The output matrix saved at artifacts\features\train.pkl of shape: (17536, 2502)
[2023-03-21 19:20:21,112: INFO: common]: The input dataframeartifacts\prepared\test.tsvsize id (7464, 3) is read.
[2023-03-21 19:20:25,317: ERROR: stage_02_featurization]: blocks[0,:] has incompatible row dimensions. Got blocks[0,2].shape[0] == 17536, expected 7464.
Traceback (most recent call last):
  File "src/stage_02_featurization.py", line 81, in <module>
    main(config_path=parsed_args.config, params_path=parsed_args.params)
  File "src/stage_02_featurization.py", line 67, in main
    save_matrix(df=df_test, text_matrix= test_words_tfidf_matrix, out_path= featurize_test_data_path)
  File "c:\users\deepak.thakur\work\dvc-nlp-project-with-docs\src\utils\data_mgmt.py", line 39, in save_matrix
    result = sparse.hstack([pid_matrix, label_matrix, text_matrix])
  File "c:\Users\deepak.thakur\Work\DVC-NLP-Project-with-docs\env\lib\site-packages\scipy\sparse\_construct.py", line 535, in hstack
    return bmat([blocks], format=format, dtype=dtype)
  File "c:\Users\deepak.thakur\Work\DVC-NLP-Project-with-docs\env\lib\site-packages\scipy\sparse\_construct.py", line 668, in bmat
    raise ValueError(msg)
ValueError: blocks[0,:] has incompatible row dimensions. Got blocks[0,2].shape[0] == 17536, expected 7464.
[2023-03-21 19:21:36,434: INFO: stage_02_featurization]: 
********************
[2023-03-21 19:21:36,434: INFO: stage_02_featurization]: >>>>> stage Featurization started <<<<<
[2023-03-21 19:21:36,438: INFO: common]: yaml file: configs/config.yaml loaded successfully
[2023-03-21 19:21:36,438: INFO: common]: yaml file: params.yaml loaded successfully
[2023-03-21 19:21:36,440: INFO: common]: created directory at: artifacts\features
[2023-03-21 19:21:36,576: INFO: common]: The input dataframeartifacts\prepared\train.tsvsize id (17536, 3) is read.
[2023-03-21 19:21:46,097: INFO: data_mgmt]: The output matrix saved at artifacts\features\train.pkl of shape: (17536, 2502)
[2023-03-21 19:21:46,187: INFO: common]: The input dataframeartifacts\prepared\test.tsvsize id (7464, 3) is read.
[2023-03-21 19:21:47,980: INFO: data_mgmt]: The output matrix saved at artifacts\features\test.pkl of shape: (7464, 2502)
[2023-03-21 19:21:48,210: INFO: stage_02_featurization]: >>>>> stage Featurization completed!<<<<<

[2023-03-21 21:04:09,616: INFO: stage_01_prepare_data]: 
********************
[2023-03-21 21:04:09,616: INFO: stage_01_prepare_data]: >>>>> stage Prepare_data started <<<<<
[2023-03-21 21:04:09,620: INFO: common]: yaml file: configs/config.yaml loaded successfully
[2023-03-21 21:04:09,621: INFO: common]: yaml file: params.yaml loaded successfully
[2023-03-21 21:04:09,622: INFO: common]: created directory at: artifacts\prepared
[2023-03-21 21:04:11,917: INFO: stage_01_prepare_data]: >>>>> stage Prepare_data completed!<<<<<

[2023-03-21 21:04:14,248: INFO: stage_02_featurization]: 
********************
[2023-03-21 21:04:14,248: INFO: stage_02_featurization]: >>>>> stage Featurization started <<<<<
[2023-03-21 21:04:14,252: INFO: common]: yaml file: configs/config.yaml loaded successfully
[2023-03-21 21:04:14,253: INFO: common]: yaml file: params.yaml loaded successfully
[2023-03-21 21:04:14,254: INFO: common]: created directory at: artifacts\features
[2023-03-21 21:04:14,417: INFO: common]: The input dataframeartifacts\prepared\train.tsvsize id (17536, 3) is read.
[2023-03-21 21:04:25,357: INFO: data_mgmt]: The output matrix saved at artifacts\features\train.pkl of shape: (17536, 2502)
[2023-03-21 21:04:25,423: INFO: common]: The input dataframeartifacts\prepared\test.tsvsize id (7464, 3) is read.
[2023-03-21 21:04:27,264: INFO: data_mgmt]: The output matrix saved at artifacts\features\test.pkl of shape: (7464, 2502)
[2023-03-21 21:04:27,493: INFO: stage_02_featurization]: >>>>> stage Featurization completed!<<<<<

[2023-03-21 22:57:44,221: INFO: stage_01_prepare_data]: 
********************
[2023-03-21 22:57:44,221: INFO: stage_01_prepare_data]: >>>>> stage Prepare_data started <<<<<
[2023-03-21 22:57:44,224: INFO: common]: yaml file: configs/config.yaml loaded successfully
[2023-03-21 22:57:44,226: INFO: common]: yaml file: params.yaml loaded successfully
[2023-03-21 22:57:44,226: INFO: common]: created directory at: artifacts\prepared
[2023-03-21 22:57:46,736: INFO: stage_01_prepare_data]: >>>>> stage Prepare_data completed!<<<<<

[2023-03-21 22:57:49,759: INFO: stage_02_featurization]: 
********************
[2023-03-21 22:57:49,760: INFO: stage_02_featurization]: >>>>> stage Featurization started <<<<<
[2023-03-21 22:57:49,763: INFO: common]: yaml file: configs/config.yaml loaded successfully
[2023-03-21 22:57:49,765: INFO: common]: yaml file: params.yaml loaded successfully
[2023-03-21 22:57:49,766: INFO: common]: created directory at: artifacts\features
[2023-03-21 22:57:49,927: INFO: common]: The input dataframeartifacts\prepared\train.tsvsize id (17536, 3) is read.
[2023-03-21 22:58:01,591: INFO: data_mgmt]: The output matrix saved at artifacts\features\train.pkl of shape: (17536, 2502)
[2023-03-21 22:58:01,675: INFO: common]: The input dataframeartifacts\prepared\test.tsvsize id (7464, 3) is read.
[2023-03-21 22:58:03,649: INFO: data_mgmt]: The output matrix saved at artifacts\features\test.pkl of shape: (7464, 2502)
[2023-03-21 22:58:03,987: INFO: stage_02_featurization]: >>>>> stage Featurization completed!<<<<<

[2023-03-21 22:59:42,621: INFO: stage_03_train]: 
********************
[2023-03-21 22:59:42,621: INFO: stage_03_train]: >>>>> stage Training started <<<<<
[2023-03-21 22:59:42,624: INFO: common]: yaml file: configs/config.yaml loaded successfully
[2023-03-21 22:59:42,626: INFO: common]: yaml file: params.yaml loaded successfully
[2023-03-21 22:59:42,626: INFO: common]: created directory at: artifacts\model
[2023-03-21 22:59:42,641: INFO: stage_03_train]: input matrix size: (17536, 2502)
[2023-03-21 22:59:42,642: INFO: stage_03_train]: X matrix size: (17536, 2500)
[2023-03-21 22:59:42,642: INFO: stage_03_train]: labels matrix size or labels: (17536,)
[2023-03-21 22:59:47,221: INFO: stage_03_train]: saved our model at: artifacts\model\model.pkl
[2023-03-21 22:59:47,222: INFO: stage_03_train]: >>>>> stage Training completed!<<<<<

[2023-03-21 23:01:40,795: INFO: stage_03_train]: 
********************
[2023-03-21 23:01:40,795: INFO: stage_03_train]: >>>>> stage Training started <<<<<
[2023-03-21 23:01:40,798: INFO: common]: yaml file: configs/config.yaml loaded successfully
[2023-03-21 23:01:40,801: INFO: common]: yaml file: params.yaml loaded successfully
[2023-03-21 23:01:40,801: INFO: common]: created directory at: artifacts\model
[2023-03-21 23:01:40,812: INFO: stage_03_train]: input matrix size: (17536, 2502)
[2023-03-21 23:01:40,812: INFO: stage_03_train]: X matrix size: (17536, 2500)
[2023-03-21 23:01:40,812: INFO: stage_03_train]: labels matrix size or labels: (17536,)
[2023-03-21 23:01:45,288: INFO: stage_03_train]: saved our model at: artifacts\model\model.pkl
[2023-03-21 23:01:45,290: INFO: stage_03_train]: >>>>> stage Training completed!<<<<<

[2023-03-22 13:40:51,950: INFO: stage_04_evaluate]: 
********************
[2023-03-22 13:40:51,951: INFO: stage_04_evaluate]: >>>>> stage Evaluation started <<<<<
[2023-03-22 13:40:51,955: INFO: common]: yaml file: configs/config.yaml loaded successfully
[2023-03-22 13:40:51,957: INFO: common]: yaml file: params.yaml loaded successfully
[2023-03-22 13:40:51,957: INFO: stage_04_evaluate]: >>>>> stage Evaluation completed!<<<<<

[2023-03-22 13:41:05,544: INFO: stage_04_evaluate]: 
********************
[2023-03-22 13:41:05,544: INFO: stage_04_evaluate]: >>>>> stage Evaluation started <<<<<
[2023-03-22 13:41:05,547: INFO: common]: yaml file: configs/config.yaml loaded successfully
[2023-03-22 13:41:05,550: INFO: common]: yaml file: params.yaml loaded successfully
[2023-03-22 13:41:05,550: ERROR: stage_04_evaluate]: name 'joblib' is not defined
Traceback (most recent call last):
  File "src/stage_04_evaluate.py", line 71, in <module>
    main(config_path=parsed_args.config, params_path=parsed_args.params)
  File "src/stage_04_evaluate.py", line 38, in main
    model = joblib.load(model_path)
NameError: name 'joblib' is not defined
[2023-03-22 13:41:24,133: INFO: stage_04_evaluate]: 
********************
[2023-03-22 13:41:24,134: INFO: stage_04_evaluate]: >>>>> stage Evaluation started <<<<<
[2023-03-22 13:41:24,137: INFO: common]: yaml file: configs/config.yaml loaded successfully
[2023-03-22 13:41:24,139: INFO: common]: yaml file: params.yaml loaded successfully
[2023-03-22 13:41:24,490: ERROR: stage_04_evaluate]: X has 1 features, but RandomForestClassifier is expecting 2500 features as input.
Traceback (most recent call last):
  File "src/stage_04_evaluate.py", line 72, in <module>
    main(config_path=parsed_args.config, params_path=parsed_args.params)
  File "src/stage_04_evaluate.py", line 45, in main
    predictions = model.predict(X)
  File "c:\Users\deepak.thakur\Work\DVC-NLP-Project-with-docs\env\lib\site-packages\sklearn\ensemble\_forest.py", line 820, in predict
    proba = self.predict_proba(X)
  File "c:\Users\deepak.thakur\Work\DVC-NLP-Project-with-docs\env\lib\site-packages\sklearn\ensemble\_forest.py", line 862, in predict_proba
    X = self._validate_X_predict(X)
  File "c:\Users\deepak.thakur\Work\DVC-NLP-Project-with-docs\env\lib\site-packages\sklearn\ensemble\_forest.py", line 602, in _validate_X_predict
    X = self._validate_data(X, dtype=DTYPE, accept_sparse="csr", reset=False)
  File "c:\Users\deepak.thakur\Work\DVC-NLP-Project-with-docs\env\lib\site-packages\sklearn\base.py", line 588, in _validate_data
    self._check_n_features(X, reset=reset)
  File "c:\Users\deepak.thakur\Work\DVC-NLP-Project-with-docs\env\lib\site-packages\sklearn\base.py", line 389, in _check_n_features
    raise ValueError(
ValueError: X has 1 features, but RandomForestClassifier is expecting 2500 features as input.
[2023-03-22 13:42:22,131: INFO: stage_04_evaluate]: 
********************
[2023-03-22 13:42:22,131: INFO: stage_04_evaluate]: >>>>> stage Evaluation started <<<<<
[2023-03-22 13:42:22,135: INFO: common]: yaml file: configs/config.yaml loaded successfully
[2023-03-22 13:42:22,137: INFO: common]: yaml file: params.yaml loaded successfully
[2023-03-22 13:42:22,482: INFO: common]: json file saved at: scores.json
[2023-03-22 13:42:22,484: INFO: stage_04_evaluate]: >>>>> stage Evaluation completed!<<<<<

[2023-03-22 14:30:00,555: INFO: stage_04_evaluate]: 
********************
[2023-03-22 14:30:00,555: INFO: stage_04_evaluate]: >>>>> stage Evaluation started <<<<<
[2023-03-22 14:30:00,558: INFO: common]: yaml file: configs/config.yaml loaded successfully
[2023-03-22 14:30:00,559: INFO: common]: yaml file: params.yaml loaded successfully
[2023-03-22 14:30:00,892: INFO: common]: json file saved at: scores.json
[2023-03-22 14:30:00,900: INFO: common]: json file saved at: prc.json
[2023-03-22 14:30:00,902: ERROR: stage_04_evaluate]: name 'roc_data' is not defined
Traceback (most recent call last):
  File "src/stage_04_evaluate.py", line 96, in <module>
    main(config_path=parsed_args.config, params_path=parsed_args.params)
  File "src/stage_04_evaluate.py", line 84, in main
    save_json(ROC_json_path, roc_data)
NameError: name 'roc_data' is not defined
[2023-03-22 14:30:38,562: INFO: stage_04_evaluate]: 
********************
[2023-03-22 14:30:38,563: INFO: stage_04_evaluate]: >>>>> stage Evaluation started <<<<<
[2023-03-22 14:30:38,566: INFO: common]: yaml file: configs/config.yaml loaded successfully
[2023-03-22 14:30:38,568: INFO: common]: yaml file: params.yaml loaded successfully
[2023-03-22 14:30:38,929: INFO: common]: json file saved at: scores.json
[2023-03-22 14:30:38,936: INFO: common]: json file saved at: prc.json
[2023-03-22 14:30:38,941: INFO: common]: json file saved at: roc.json
[2023-03-22 14:30:38,943: INFO: stage_04_evaluate]: >>>>> stage Evaluation completed!<<<<<

[2023-03-22 14:38:29,466: INFO: stage_03_train]: 
********************
[2023-03-22 14:38:29,466: INFO: stage_03_train]: >>>>> stage Training started <<<<<
[2023-03-22 14:38:29,469: INFO: common]: yaml file: configs/config.yaml loaded successfully
[2023-03-22 14:38:29,471: INFO: common]: yaml file: params.yaml loaded successfully
[2023-03-22 14:38:29,471: INFO: common]: created directory at: artifacts\model
[2023-03-22 14:38:29,512: INFO: stage_03_train]: input matrix size: (17536, 2502)
[2023-03-22 14:38:29,512: INFO: stage_03_train]: X matrix size: (17536, 2500)
[2023-03-22 14:38:29,512: INFO: stage_03_train]: labels matrix size or labels: (17536,)
[2023-03-22 14:38:34,341: INFO: stage_03_train]: saved our model at: artifacts\model\model.pkl
[2023-03-22 14:38:34,344: INFO: stage_03_train]: >>>>> stage Training completed!<<<<<

[2023-03-22 14:38:37,661: INFO: stage_04_evaluate]: 
********************
[2023-03-22 14:38:37,661: INFO: stage_04_evaluate]: >>>>> stage Evaluation started <<<<<
[2023-03-22 14:38:37,664: INFO: common]: yaml file: configs/config.yaml loaded successfully
[2023-03-22 14:38:37,666: INFO: common]: yaml file: params.yaml loaded successfully
[2023-03-22 14:38:38,003: INFO: common]: json file saved at: scores.json
[2023-03-22 14:38:38,012: INFO: common]: json file saved at: prc.json
[2023-03-22 14:38:38,020: INFO: common]: json file saved at: roc.json
[2023-03-22 14:38:38,022: INFO: stage_04_evaluate]: >>>>> stage Evaluation completed!<<<<<

